2026-05-14T15:48:07.003+09:00  INFO 5536 --- [msa4-spring] [main] com.msa4spring.Msa4SpringApplication     : Starting Msa4SpringApplication using Java 17.0.18 with PID 5536 (E:\poke\workspace\msa4-spring\build\classes\java\main started by user in E:\poke\workspace\msa4-spring)
2026-05-14T15:48:07.005+09:00  INFO 5536 --- [msa4-spring] [main] com.msa4spring.Msa4SpringApplication     : No active profile set, falling back to 1 default profile: "default"
2026-05-14T15:48:07.361+09:00  INFO 5536 --- [msa4-spring] [main] o.s.boot.tomcat.TomcatWebServer          : Tomcat initialized with port 8080 (http)
2026-05-14T15:48:07.367+09:00  INFO 5536 --- [msa4-spring] [main] o.apache.catalina.core.StandardService   : Starting service [Tomcat]
2026-05-14T15:48:07.368+09:00  INFO 5536 --- [msa4-spring] [main] o.apache.catalina.core.StandardEngine    : Starting Servlet engine: [Apache Tomcat/11.0.21]
2026-05-14T15:48:07.392+09:00  INFO 5536 --- [msa4-spring] [main] b.w.c.s.WebApplicationContextInitializer : Root WebApplicationContext: initialization completed in 367 ms
2026-05-14T15:48:07.562+09:00  INFO 5536 --- [msa4-spring] [main] o.s.boot.tomcat.TomcatWebServer          : Tomcat started on port 8080 (http) with context path '/'
2026-05-14T15:48:07.565+09:00  INFO 5536 --- [msa4-spring] [main] com.msa4spring.Msa4SpringApplication     : Started Msa4SpringApplication in 0.792 seconds (process running for 1.061)
2026-05-14T15:48:32.468+09:00  INFO 5536 --- [msa4-spring] [SpringApplicationShutdownHook] o.s.boot.tomcat.GracefulShutdown         : Commencing graceful shutdown. Waiting for active requests to complete
2026-05-14T15:48:32.486+09:00  INFO 5536 --- [msa4-spring] [tomcat-shutdown] o.s.boot.tomcat.GracefulShutdown         : Graceful shutdown complete
2026-05-14T15:49:37.787+09:00 ERROR 12612 --- [msa4-spring] [http-nio-8080-exec-3] c.m.controllers.LoggingController        : 에러 레벨
2026-05-14T15:50:04.837+09:00 ERROR 12612 --- [msa4-spring] [http-nio-8080-exec-4] c.m.controllers.LoggingController        : 에러 레벨
2026-05-14T15:51:18.722+09:00  INFO 1564 --- [msa4-spring] [main] com.msa4spring.Msa4SpringApplication     : Starting Msa4SpringApplication using Java 17.0.18 with PID 1564 (E:\poke\workspace\msa4-spring\build\classes\java\main started by user in E:\poke\workspace\msa4-spring)
2026-05-14T15:51:18.724+09:00  INFO 1564 --- [msa4-spring] [main] com.msa4spring.Msa4SpringApplication     : No active profile set, falling back to 1 default profile: "default"
2026-05-14T15:51:19.094+09:00  INFO 1564 --- [msa4-spring] [main] o.s.boot.tomcat.TomcatWebServer          : Tomcat initialized with port 8080 (http)
2026-05-14T15:51:19.101+09:00  INFO 1564 --- [msa4-spring] [main] o.apache.catalina.core.StandardService   : Starting service [Tomcat]
2026-05-14T15:51:19.101+09:00  INFO 1564 --- [msa4-spring] [main] o.apache.catalina.core.StandardEngine    : Starting Servlet engine: [Apache Tomcat/11.0.21]
2026-05-14T15:51:19.125+09:00  INFO 1564 --- [msa4-spring] [main] b.w.c.s.WebApplicationContextInitializer : Root WebApplicationContext: initialization completed in 378 ms
2026-05-14T15:51:19.305+09:00  INFO 1564 --- [msa4-spring] [main] o.s.boot.tomcat.TomcatWebServer          : Tomcat started on port 8080 (http) with context path '/'
2026-05-14T15:51:19.308+09:00  INFO 1564 --- [msa4-spring] [main] com.msa4spring.Msa4SpringApplication     : Started Msa4SpringApplication in 0.82 seconds (process running for 1.102)
2026-05-14T15:51:22.234+09:00  INFO 1564 --- [msa4-spring] [http-nio-8080-exec-1] o.a.c.c.C.[Tomcat].[localhost].[/]       : Initializing Spring DispatcherServlet 'dispatcherServlet'
2026-05-14T15:51:22.234+09:00  INFO 1564 --- [msa4-spring] [http-nio-8080-exec-1] o.s.web.servlet.DispatcherServlet        : Initializing Servlet 'dispatcherServlet'
2026-05-14T15:51:22.235+09:00  INFO 1564 --- [msa4-spring] [http-nio-8080-exec-1] o.s.web.servlet.DispatcherServlet        : Completed initialization in 1 ms
2026-05-14T15:51:22.249+09:00  INFO 1564 --- [msa4-spring] [http-nio-8080-exec-1] c.m.controllers.LoggingController        : 인포 레벨
2026-05-14T15:51:22.249+09:00  WARN 1564 --- [msa4-spring] [http-nio-8080-exec-1] c.m.controllers.LoggingController        : 워닝 레벨
2026-05-14T15:51:22.249+09:00 ERROR 1564 --- [msa4-spring] [http-nio-8080-exec-1] c.m.controllers.LoggingController        : 에러 레벨
2026-05-14T15:56:28.585+09:00  INFO 1564 --- [msa4-spring] [SpringApplicationShutdownHook] o.s.boot.tomcat.GracefulShutdown         : Commencing graceful shutdown. Waiting for active requests to complete
2026-05-14T15:56:28.603+09:00  INFO 1564 --- [msa4-spring] [tomcat-shutdown] o.s.boot.tomcat.GracefulShutdown         : Graceful shutdown complete
2026-05-14T15:57:25.835+09:00 DEBUG 15152 --- [msa4-spring] [http-nio-8080-exec-1] c.m.controllers.LoggingController        : 디버그 레벨
2026-05-14T15:57:25.836+09:00  INFO 15152 --- [msa4-spring] [http-nio-8080-exec-1] c.m.controllers.LoggingController        : 인포 레벨
2026-05-14T15:57:25.837+09:00  WARN 15152 --- [msa4-spring] [http-nio-8080-exec-1] c.m.controllers.LoggingController        : 워닝 레벨
2026-05-14T15:57:25.837+09:00 ERROR 15152 --- [msa4-spring] [http-nio-8080-exec-1] c.m.controllers.LoggingController        : 에러 레벨
